2026-05-21 19:34:40.418 [restartedMain] INFO  c.ccgdle.backend.BackendApplication - Starting BackendApplication using Java 25.0.2 with PID 11312 (C:\_Projects\ccgdle\backend\target\classes started by USER in C:\_Projects\ccgdle\backend)
2026-05-21 19:34:40.418 [restartedMain] INFO  c.ccgdle.backend.BackendApplication - No active profile set, falling back to 1 default profile: "default"
2026-05-21 19:34:40.576 [restartedMain] INFO  o.s.d.r.c.RepositoryConfigurationDelegate - Bootstrapping Spring Data JPA repositories in DEFAULT mode.
2026-05-21 19:34:40.594 [restartedMain] INFO  o.s.d.r.c.RepositoryConfigurationDelegate - Finished Spring Data repository scanning in 17 ms. Found 12 JPA repository interfaces.
2026-05-21 19:34:40.664 [restartedMain] INFO  o.s.boot.tomcat.TomcatWebServer - Tomcat initialized with port 8080 (http)
2026-05-21 19:34:40.664 [restartedMain] INFO  o.a.coyote.http11.Http11NioProtocol - Initializing ProtocolHandler ["http-nio-8080"]
2026-05-21 19:34:40.664 [restartedMain] INFO  o.a.catalina.core.StandardService - Starting service [Tomcat]
2026-05-21 19:34:40.664 [restartedMain] INFO  o.a.catalina.core.StandardEngine - Starting Servlet engine: [Apache Tomcat/11.0.21]
2026-05-21 19:34:40.681 [restartedMain] INFO  o.s.b.w.c.s.WebApplicationContextInitializer - Root WebApplicationContext: initialization completed in 261 ms
2026-05-21 19:34:40.756 [restartedMain] INFO  org.hibernate.orm.jpa - HHH008540: Processing PersistenceUnitInfo [name: default]
2026-05-21 19:34:40.772 [restartedMain] INFO  o.s.o.j.p.SpringPersistenceUnitInfo - No LoadTimeWeaver setup: ignoring JPA class transformer
2026-05-21 19:34:40.779 [restartedMain] INFO  o.hibernate.orm.connections.pooling - HHH10001005: Database info:
	Database JDBC URL [jdbc:postgresql://localhost:5432/ccgdle_db]
	Database driver: PostgreSQL JDBC Driver
	Database dialect: PostgreSQLDialect
	Database version: 16.14
	Default catalog/schema: ccgdle_db/public
	Autocommit mode: undefined/unknown
	Isolation level: READ_COMMITTED [default READ_COMMITTED]
	JDBC fetch size: none
	Pool: DataSourceConnectionProvider
	Minimum pool size: undefined/unknown
	Maximum pool size: undefined/unknown
2026-05-21 19:34:40.884 [restartedMain] INFO  org.hibernate.orm.core - HHH000489: No JTA platform available (set 'hibernate.transaction.jta.platform' to enable JTA platform integration)
2026-05-21 19:34:40.885 [restartedMain] INFO  o.s.o.j.LocalContainerEntityManagerFactoryBean - Initialized JPA EntityManagerFactory for persistence unit 'default'
2026-05-21 19:34:41.011 [restartedMain] WARN  o.s.b.j.a.JpaBaseConfiguration$JpaWebConfiguration - spring.jpa.open-in-view is enabled by default. Therefore, database queries may be performed during view rendering. Explicitly configure spring.jpa.open-in-view to disable this warning
2026-05-21 19:34:41.084 [restartedMain] INFO  o.a.coyote.http11.Http11NioProtocol - Starting ProtocolHandler ["http-nio-8080"]
2026-05-21 19:34:41.087 [restartedMain] INFO  o.s.boot.tomcat.TomcatWebServer - Tomcat started on port 8080 (http) with context path '/'
2026-05-21 19:34:41.088 [restartedMain] INFO  c.ccgdle.backend.BackendApplication - Started BackendApplication in 0.687 seconds (process running for 160.172)
2026-05-21 19:34:41.088 [restartedMain] INFO  o.s.b.d.a.ConditionEvaluationDeltaLoggingListener - Condition evaluation unchanged
2026-05-21 19:35:00.004 [scheduling-1] INFO  c.ccgdle.backend.service.GameService - Generating games for today
